#! /usr/bin/vvp
:ivl_version "10.3 (stable)";
:ivl_delay_selection "TYPICAL";
:vpi_time_precision + 0;
:vpi_module "system";
:vpi_module "vhdl_sys";
:vpi_module "v2005_math";
:vpi_module "va_math";
S_0x60d81b6060d0 .scope module, "tb_up_down_counter" "tb_up_down_counter" 2 3;
 .timescale 0 0;
v0x60d81b650010_0 .var "clk", 0 0;
v0x60d81b6500d0_0 .net "count", 3 0, v0x60d81b64fcf0_0;  1 drivers
v0x60d81b6501a0_0 .var "rst_n", 0 0;
v0x60d81b6502a0_0 .var "up", 0 0;
E_0x60d81b63cb80 .event posedge, v0x60d81b619a60_0;
S_0x60d81b606270 .scope module, "uut" "up_down_counter" 2 7, 3 3 0, S_0x60d81b6060d0;
 .timescale 0 0;
    .port_info 0 /INPUT 1 "clk"
    .port_info 1 /INPUT 1 "rst_n"
    .port_info 2 /INPUT 1 "up"
    .port_info 3 /OUTPUT 4 "count"
v0x60d81b619a60_0 .net "clk", 0 0, v0x60d81b650010_0;  1 drivers
v0x60d81b64fcf0_0 .var "count", 3 0;
v0x60d81b64fdd0_0 .net "rst_n", 0 0, v0x60d81b6501a0_0;  1 drivers
v0x60d81b64fea0_0 .net "up", 0 0, v0x60d81b6502a0_0;  1 drivers
E_0x60d81b63d030/0 .event negedge, v0x60d81b64fdd0_0;
E_0x60d81b63d030/1 .event posedge, v0x60d81b619a60_0;
E_0x60d81b63d030 .event/or E_0x60d81b63d030/0, E_0x60d81b63d030/1;
    .scope S_0x60d81b606270;
T_0 ;
    %wait E_0x60d81b63d030;
    %load/vec4 v0x60d81b64fdd0_0;
    %nor/r;
    %flag_set/vec4 8;
    %jmp/0xz  T_0.0, 8;
    %pushi/vec4 0, 0, 4;
    %assign/vec4 v0x60d81b64fcf0_0, 0;
    %jmp T_0.1;
T_0.0 ;
    %load/vec4 v0x60d81b64fea0_0;
    %flag_set/vec4 8;
    %jmp/0xz  T_0.2, 8;
    %load/vec4 v0x60d81b64fcf0_0;
    %addi 1, 0, 4;
    %assign/vec4 v0x60d81b64fcf0_0, 0;
    %jmp T_0.3;
T_0.2 ;
    %load/vec4 v0x60d81b64fcf0_0;
    %subi 1, 0, 4;
    %assign/vec4 v0x60d81b64fcf0_0, 0;
T_0.3 ;
T_0.1 ;
    %jmp T_0;
    .thread T_0;
    .scope S_0x60d81b6060d0;
T_1 ;
    %pushi/vec4 0, 0, 1;
    %store/vec4 v0x60d81b650010_0, 0, 1;
    %end;
    .thread T_1;
    .scope S_0x60d81b6060d0;
T_2 ;
    %delay 5, 0;
    %load/vec4 v0x60d81b650010_0;
    %inv;
    %store/vec4 v0x60d81b650010_0, 0, 1;
    %jmp T_2;
    .thread T_2;
    .scope S_0x60d81b6060d0;
T_3 ;
    %vpi_call 2 19 "$dumpfile", "up_down_counter_tb.vcd" {0 0 0};
    %vpi_call 2 20 "$dumpvars", 32'sb00000000000000000000000000000000, S_0x60d81b6060d0 {0 0 0};
    %pushi/vec4 0, 0, 1;
    %store/vec4 v0x60d81b6501a0_0, 0, 1;
    %pushi/vec4 1, 0, 1;
    %store/vec4 v0x60d81b6502a0_0, 0, 1;
    %delay 12, 0;
    %pushi/vec4 1, 0, 1;
    %store/vec4 v0x60d81b6501a0_0, 0, 1;
    %pushi/vec4 1, 0, 1;
    %store/vec4 v0x60d81b6502a0_0, 0, 1;
    %pushi/vec4 10, 0, 32;
T_3.0 %dup/vec4;
    %pushi/vec4 0, 0, 32;
    %cmp/s;
    %jmp/1xz T_3.1, 5;
    %jmp/1 T_3.1, 4;
    %pushi/vec4 1, 0, 32;
    %sub;
    %wait E_0x60d81b63cb80;
    %jmp T_3.0;
T_3.1 ;
    %pop/vec4 1;
    %pushi/vec4 0, 0, 1;
    %store/vec4 v0x60d81b6502a0_0, 0, 1;
    %pushi/vec4 10, 0, 32;
T_3.2 %dup/vec4;
    %pushi/vec4 0, 0, 32;
    %cmp/s;
    %jmp/1xz T_3.3, 5;
    %jmp/1 T_3.3, 4;
    %pushi/vec4 1, 0, 32;
    %sub;
    %wait E_0x60d81b63cb80;
    %jmp T_3.2;
T_3.3 ;
    %pop/vec4 1;
    %vpi_call 2 35 "$finish" {0 0 0};
    %end;
    .thread T_3;
    .scope S_0x60d81b6060d0;
T_4 ;
    %vpi_call 2 39 "$display", "Time\011RST_N\011UP\011COUNT" {0 0 0};
    %vpi_call 2 40 "$monitor", "%0t\011%b\011%b\011%0d", $time, v0x60d81b6501a0_0, v0x60d81b6502a0_0, v0x60d81b6500d0_0 {0 0 0};
    %end;
    .thread T_4;
# The file index is used to find the file name in the following table.
:file_names 4;
    "N/A";
    "<interactive>";
    "tb.v";
    "counter4bit_updown.v";
