#! /usr/bin/vvp
:ivl_version "10.3 (stable)";
:ivl_delay_selection "TYPICAL";
:vpi_time_precision + 0;
:vpi_module "system";
:vpi_module "vhdl_sys";
:vpi_module "v2005_math";
:vpi_module "va_math";
S_0x649c98760cd0 .scope module, "ha_tb" "ha_tb" 2 2;
 .timescale 0 0;
v0x649c98774940_0 .var "a", 0 0;
v0x649c98774a00_0 .var "b", 0 0;
v0x649c98774ad0_0 .net "carry", 0 0, L_0x649c98774e00;  1 drivers
v0x649c98774bd0_0 .net "sum", 0 0, L_0x649c98774ca0;  1 drivers
S_0x649c98760e50 .scope module, "uut" "ha" 2 7, 3 2 0, S_0x649c98760cd0;
 .timescale 0 0;
    .port_info 0 /INPUT 1 "a"
    .port_info 1 /INPUT 1 "b"
    .port_info 2 /OUTPUT 1 "sum"
    .port_info 3 /OUTPUT 1 "carry"
L_0x649c98774ca0 .functor XOR 1, v0x649c98774940_0, v0x649c98774a00_0, C4<0>, C4<0>;
L_0x649c98774e00 .functor AND 1, v0x649c98774940_0, v0x649c98774a00_0, C4<1>, C4<1>;
v0x649c9872b0a0_0 .net "a", 0 0, v0x649c98774940_0;  1 drivers
v0x649c98774670_0 .net "b", 0 0, v0x649c98774a00_0;  1 drivers
v0x649c98774730_0 .net "carry", 0 0, L_0x649c98774e00;  alias, 1 drivers
v0x649c987747d0_0 .net "sum", 0 0, L_0x649c98774ca0;  alias, 1 drivers
    .scope S_0x649c98760cd0;
T_0 ;
    %vpi_call 2 15 "$dumpfile", "ha_tb.vcd" {0 0 0};
    %vpi_call 2 16 "$dumpvars", 32'sb00000000000000000000000000000000, S_0x649c98760cd0 {0 0 0};
    %vpi_call 2 17 "$display", "A B | SUM CARRY" {0 0 0};
    %vpi_call 2 18 "$display", "--------------" {0 0 0};
    %pushi/vec4 0, 0, 1;
    %store/vec4 v0x649c98774940_0, 0, 1;
    %pushi/vec4 0, 0, 1;
    %store/vec4 v0x649c98774a00_0, 0, 1;
    %delay 10, 0;
    %vpi_call 2 20 "$display", "%b %b |  %b    %b", v0x649c98774940_0, v0x649c98774a00_0, v0x649c98774bd0_0, v0x649c98774ad0_0 {0 0 0};
    %pushi/vec4 0, 0, 1;
    %store/vec4 v0x649c98774940_0, 0, 1;
    %pushi/vec4 1, 0, 1;
    %store/vec4 v0x649c98774a00_0, 0, 1;
    %delay 10, 0;
    %vpi_call 2 22 "$display", "%b %b |  %b    %b", v0x649c98774940_0, v0x649c98774a00_0, v0x649c98774bd0_0, v0x649c98774ad0_0 {0 0 0};
    %pushi/vec4 1, 0, 1;
    %store/vec4 v0x649c98774940_0, 0, 1;
    %pushi/vec4 0, 0, 1;
    %store/vec4 v0x649c98774a00_0, 0, 1;
    %delay 10, 0;
    %vpi_call 2 24 "$display", "%b %b |  %b    %b", v0x649c98774940_0, v0x649c98774a00_0, v0x649c98774bd0_0, v0x649c98774ad0_0 {0 0 0};
    %pushi/vec4 1, 0, 1;
    %store/vec4 v0x649c98774940_0, 0, 1;
    %pushi/vec4 1, 0, 1;
    %store/vec4 v0x649c98774a00_0, 0, 1;
    %delay 10, 0;
    %vpi_call 2 26 "$display", "%b %b |  %b    %b", v0x649c98774940_0, v0x649c98774a00_0, v0x649c98774bd0_0, v0x649c98774ad0_0 {0 0 0};
    %vpi_call 2 27 "$finish" {0 0 0};
    %end;
    .thread T_0;
# The file index is used to find the file name in the following table.
:file_names 4;
    "N/A";
    "<interactive>";
    "tb_ha.v";
    "ha.v";
